d:\demo\zxq_dome\luckfaimly\bin\debug64\obj\lfnet.pdb
d:\demo\zxq_dome\luckfaimly\bin\debug64\obj\lfnet.idb
d:\demo\zxq_dome\luckfaimly\bin\debug64\obj\lf_ http_server.obj
d:\demo\zxq_dome\luckfaimly\bin\debug64\obj\lf_context.obj
d:\demo\zxq_dome\luckfaimly\bin\debug64\obj\lf_http_client.obj
d:\demo\zxq_dome\luckfaimly\bin\debug64\obj\lf_http_proxy.obj
d:\demo\zxq_dome\luckfaimly\bin\debug64\obj\lf_proxy_conf.obj
d:\demo\zxq_dome\luckfaimly\vs\../bin/debug64/obj\vcpkg.applocal.log
d:\demo\zxq_dome\luckfaimly\bin\debug64\lib\lfnetd.lib
d:\demo\zxq_dome\luckfaimly\bin\debug64\obj\lf_ascii.obj
d:\demo\zxq_dome\luckfaimly\bin\debug64\obj\lf_code_util.obj
d:\demo\zxq_dome\luckfaimly\bin\debug64\obj\lf_lock.obj
d:\demo\zxq_dome\luckfaimly\bin\debug64\obj\lf_name_value_collection.obj
d:\demo\zxq_dome\luckfaimly\bin\debug64\obj\util.idb
d:\demo\zxq_dome\luckfaimly\bin\debug64\obj\util.pdb
d:\demo\zxq_dome\luckfaimly\vs\../bin/debug64/lib\lfnetd.lib
d:\demo\zxq_dome\luckfaimly\bin\debug64\obj\lfnet.tlog\cl.command.1.tlog
d:\demo\zxq_dome\luckfaimly\bin\debug64\obj\lfnet.tlog\cl.read.1.tlog
d:\demo\zxq_dome\luckfaimly\bin\debug64\obj\lfnet.tlog\cl.write.1.tlog
d:\demo\zxq_dome\luckfaimly\bin\debug64\obj\lfnet.tlog\lfnet.write.1u.tlog
d:\demo\zxq_dome\luckfaimly\bin\debug64\obj\lfnet.tlog\lib-link.read.1.tlog
d:\demo\zxq_dome\luckfaimly\bin\debug64\obj\lfnet.tlog\lib-link.write.1.tlog
d:\demo\zxq_dome\luckfaimly\bin\debug64\obj\lfnet.tlog\lib.command.1.tlog
